#
# There is insufficient memory for the Java Runtime Environment to continue.
# Native memory allocation (malloc) failed to allocate 2255280 bytes. Error detail: Chunk::new
# Possible reasons:
#   The system is out of physical RAM or swap space
#   This process is running with CompressedOops enabled, and the Java Heap may be blocking the growth of the native heap
# Possible solutions:
#   Reduce memory load on the system
#   Increase physical memory or swap space
#   Check if swap backing store is full
#   Decrease Java heap size (-Xmx/-Xms)
#   Decrease number of Java threads
#   Decrease Java thread stack sizes (-Xss)
#   Set larger code cache with -XX:ReservedCodeCacheSize=
#   JVM is running with Zero Based Compressed Oops mode in which the Java heap is
#     placed in the first 32GB address space. The Java Heap base address is the
#     maximum limit for the native heap growth. Please use -XX:HeapBaseMinAddress
#     to set the Java Heap base and to place the Java Heap above 32GB virtual address.
# This output file may be truncated or incomplete.
#
#  Out of Memory Error (arena.cpp:168), pid=1784, tid=13428
#
# JRE version: OpenJDK Runtime Environment Temurin-21.0.4+7 (21.0.4+7) (build 21.0.4+7-LTS)
# Java VM: OpenJDK 64-Bit Server VM Temurin-21.0.4+7 (21.0.4+7-LTS, mixed mode, sharing, tiered, compressed oops, compressed class ptrs, g1 gc, windows-amd64)
# No core dump will be written. Minidumps are not enabled by default on client versions of Windows
#

---------------  S U M M A R Y ------------

Command Line: -Dmaven.multiModuleProjectDirectory=C:\Users\SammyLaptop\Documents\Git\OSRS-Scripts -Djansi.passthrough=true --add-exports=java.base/sun.nio.ch=ALL-UNNAMED --add-opens=java.base/java.lang=ALL-UNNAMED --add-opens=java.base/java.lang.reflect=ALL-UNNAMED --add-opens=java.base/java.io=ALL-UNNAMED --add-exports=jdk.unsupported/sun.misc=ALL-UNNAMED --add-exports=jdk.compiler/com.sun.tools.javac.api=ALL-UNNAMED --add-exports=jdk.compiler/com.sun.tools.javac.file=ALL-UNNAMED --add-exports=jdk.compiler/com.sun.tools.javac.parser=ALL-UNNAMED --add-exports=jdk.compiler/com.sun.tools.javac.tree=ALL-UNNAMED --add-exports=jdk.compiler/com.sun.tools.javac.util=ALL-UNNAMED -Dmaven.home=C:\Program Files\JetBrains\IntelliJ IDEA Community Edition 2023.3.6\plugins\maven\lib\maven3 -Dclassworlds.conf=C:\Program Files\JetBrains\IntelliJ IDEA Community Edition 2023.3.6\plugins\maven\lib\maven3\bin\m2.conf -Dmaven.ext.class.path=C:\Program Files\JetBrains\IntelliJ IDEA Community Edition 2023.3.6\plugins\maven\lib\maven-event-listener.jar -javaagent:C:\Program Files\JetBrains\IntelliJ IDEA Community Edition 2023.3.6\lib\idea_rt.jar=50863:C:\Program Files\JetBrains\IntelliJ IDEA Community Edition 2023.3.6\bin -Dfile.encoding=UTF-8 -Dsun.stdout.encoding=UTF-8 -Dsun.stderr.encoding=UTF-8 org.codehaus.classworlds.Launcher -Didea.version=2023.3.6 --errors package

Host: Intel(R) Core(TM) i5-8300H CPU @ 2.30GHz, 8 cores, 15G,  Windows 10 , 64 bit Build 19041 (10.0.19041.4717)
Time: Sat Aug 24 05:19:33 2024 Taipei Standard Time elapsed time: 15.858077 seconds (0d 0h 0m 15s)

---------------  T H R E A D  ---------------

Current thread (0x000002a83a7b83b0):  JavaThread "C2 CompilerThread0" daemon [_thread_in_native, id=13428, stack(0x000000dc57f00000,0x000000dc58000000) (1024K)]


Current CompileTask:
C2:  15858 11964       4       org.codehaus.plexus.classworlds.realm.ClassRealm::loadClass (7 bytes)

Stack: [0x000000dc57f00000,0x000000dc58000000]
Native frames: (J=compiled Java code, j=interpreted, Vv=VM code, C=native code)
V  [jvm.dll+0x6cbcf9]
V  [jvm.dll+0x8a5551]
V  [jvm.dll+0x8a7a7e]
V  [jvm.dll+0x8a8153]
V  [jvm.dll+0x27eca6]
V  [jvm.dll+0xc4aad]
V  [jvm.dll+0xc4fe3]
V  [jvm.dll+0x3b513c]
V  [jvm.dll+0x3815a5]
V  [jvm.dll+0x380a0a]
V  [jvm.dll+0x247110]
V  [jvm.dll+0x2466ef]
V  [jvm.dll+0x1c6f7e]
V  [jvm.dll+0x255e7a]
V  [jvm.dll+0x25441a]
V  [jvm.dll+0x3eeef6]
V  [jvm.dll+0x84f17b]
V  [jvm.dll+0x6ca3fd]
C  [ucrtbase.dll+0x21bb2]
C  [KERNEL32.DLL+0x17374]
C  [ntdll.dll+0x4cc91]


---------------  P R O C E S S  ---------------

Threads class SMR info:
_java_thread_list=0x000002a800847b80, length=12, elements={
0x000002a8190f5e00, 0x000002a83a7a5670, 0x000002a83a7a6390, 0x000002a83a7a81e0,
0x000002a83a7a8c40, 0x000002a83a7a96a0, 0x000002a83a7aa100, 0x000002a83a7b83b0,
0x000002a83a7dae70, 0x000002a83a9f77e0, 0x000002a83abe29f0, 0x000002a83abe3060
}

Java Threads: ( => current thread )
  0x000002a8190f5e00 JavaThread "main"                              [_thread_in_native, id=7908, stack(0x000000dc57100000,0x000000dc57200000) (1024K)]
  0x000002a83a7a5670 JavaThread "Reference Handler"          daemon [_thread_blocked, id=18928, stack(0x000000dc57900000,0x000000dc57a00000) (1024K)]
  0x000002a83a7a6390 JavaThread "Finalizer"                  daemon [_thread_blocked, id=16300, stack(0x000000dc57a00000,0x000000dc57b00000) (1024K)]
  0x000002a83a7a81e0 JavaThread "Signal Dispatcher"          daemon [_thread_blocked, id=21956, stack(0x000000dc57b00000,0x000000dc57c00000) (1024K)]
  0x000002a83a7a8c40 JavaThread "Attach Listener"            daemon [_thread_blocked, id=14544, stack(0x000000dc57c00000,0x000000dc57d00000) (1024K)]
  0x000002a83a7a96a0 JavaThread "Service Thread"             daemon [_thread_blocked, id=20060, stack(0x000000dc57d00000,0x000000dc57e00000) (1024K)]
  0x000002a83a7aa100 JavaThread "Monitor Deflation Thread"   daemon [_thread_blocked, id=11500, stack(0x000000dc57e00000,0x000000dc57f00000) (1024K)]
=>0x000002a83a7b83b0 JavaThread "C2 CompilerThread0"         daemon [_thread_in_native, id=13428, stack(0x000000dc57f00000,0x000000dc58000000) (1024K)]
  0x000002a83a7dae70 JavaThread "C1 CompilerThread0"         daemon [_thread_blocked, id=21048, stack(0x000000dc58000000,0x000000dc58100000) (1024K)]
  0x000002a83a9f77e0 JavaThread "Common-Cleaner"             daemon [_thread_blocked, id=15276, stack(0x000000dc58100000,0x000000dc58200000) (1024K)]
  0x000002a83abe29f0 JavaThread "Monitor Ctrl-Break"         daemon [_thread_in_native, id=6100, stack(0x000000dc58200000,0x000000dc58300000) (1024K)]
  0x000002a83abe3060 JavaThread "Notification Thread"        daemon [_thread_blocked, id=21128, stack(0x000000dc58300000,0x000000dc58400000) (1024K)]
Total: 12

Other Threads:
  0x000002a83a784ff0 VMThread "VM Thread"                           [id=19552, stack(0x000000dc57800000,0x000000dc57900000) (1024K)]
  0x000002a83a76ed90 WatcherThread "VM Periodic Task Thread"        [id=17496, stack(0x000000dc57700000,0x000000dc57800000) (1024K)]
  0x000002a81b430a80 WorkerThread "GC Thread#0"                     [id=8588, stack(0x000000dc57200000,0x000000dc57300000) (1024K)]
  0x000002a800902c20 WorkerThread "GC Thread#1"                     [id=7108, stack(0x000000dc58500000,0x000000dc58600000) (1024K)]
  0x000002a800790f50 WorkerThread "GC Thread#2"                     [id=21340, stack(0x000000dc58600000,0x000000dc58700000) (1024K)]
  0x000002a8007916f0 WorkerThread "GC Thread#3"                     [id=14712, stack(0x000000dc58700000,0x000000dc58800000) (1024K)]
  0x000002a800792730 WorkerThread "GC Thread#4"                     [id=19124, stack(0x000000dc58800000,0x000000dc58900000) (1024K)]
  0x000002a8007ed370 WorkerThread "GC Thread#5"                     [id=13616, stack(0x000000dc58900000,0x000000dc58a00000) (1024K)]
  0x000002a80079fab0 WorkerThread "GC Thread#6"                     [id=14692, stack(0x000000dc58a00000,0x000000dc58b00000) (1024K)]
  0x000002a800ae2b80 WorkerThread "GC Thread#7"                     [id=20576, stack(0x000000dc58b00000,0x000000dc58c00000) (1024K)]
  0x000002a81b441780 ConcurrentGCThread "G1 Main Marker"            [id=10440, stack(0x000000dc57300000,0x000000dc57400000) (1024K)]
  0x000002a81b442ae0 WorkerThread "G1 Conc#0"                       [id=9208, stack(0x000000dc57400000,0x000000dc57500000) (1024K)]
  0x000002a802474790 WorkerThread "G1 Conc#1"                       [id=8904, stack(0x000000dc58c00000,0x000000dc58d00000) (1024K)]
  0x000002a81b48e3b0 ConcurrentGCThread "G1 Refine#0"               [id=17084, stack(0x000000dc57500000,0x000000dc57600000) (1024K)]
  0x000002a83a635190 ConcurrentGCThread "G1 Service"                [id=5552, stack(0x000000dc57600000,0x000000dc57700000) (1024K)]
Total: 15

Threads with active compile tasks:
C2 CompilerThread0    15901 11964       4       org.codehaus.plexus.classworlds.realm.ClassRealm::loadClass (7 bytes)
Total: 1

VM state: not at safepoint (normal execution)

VM Mutex/Monitor currently owned by a thread: None

Heap address: 0x0000000701e00000, size: 4066 MB, Compressed Oops mode: Zero based, Oop shift amount: 3

CDS archive(s) mapped at: [0x000002a83b000000-0x000002a83bc90000-0x000002a83bc90000), size 13172736, SharedBaseAddress: 0x000002a83b000000, ArchiveRelocationMode: 1.
Compressed class space mapped at: 0x000002a83c000000-0x000002a87c000000, reserved size: 1073741824
Narrow klass base: 0x000002a83b000000, Narrow klass shift: 0, Narrow klass range: 0x100000000

GC Precious Log:
 CardTable entry size: 512
 Card Set container configuration: InlinePtr #cards 4 size 8 Array Of Cards #cards 16 size 48 Howl #buckets 8 coarsen threshold 3686 Howl Bitmap #cards 512 size 80 coarsen threshold 460 Card regions per heap region 1 cards per card region 4096
 CPUs: 8 total, 8 available
 Memory: 16258M
 Large Page Support: Disabled
 NUMA Support: Disabled
 Compressed Oops: Enabled (Zero based)
 Heap Region Size: 2M
 Heap Min Capacity: 8M
 Heap Initial Capacity: 256M
 Heap Max Capacity: 4066M
 Pre-touch: Disabled
 Parallel Workers: 8
 Concurrent Workers: 2
 Concurrent Refinement Workers: 8
 Periodic GC: Disabled

Heap:
 garbage-first heap   total 190464K, used 135263K [0x0000000701e00000, 0x0000000800000000)
  region size 2048K, 38 young (77824K), 3 survivors (6144K)
 Metaspace       used 37319K, committed 37760K, reserved 1114112K
  class space    used 3965K, committed 4160K, reserved 1048576K

Heap Regions: E=young(eden), S=young(survivor), O=old, HS=humongous(starts), HC=humongous(continues), CS=collection set, F=free, TAMS=top-at-mark-start, PB=parsable bottom
|   0|0x0000000701e00000, 0x0000000702000000, 0x0000000702000000|100%| O|  |TAMS 0x0000000701e00000| PB 0x0000000701e00000| Untracked 
|   1|0x0000000702000000, 0x0000000702200000, 0x0000000702200000|100%| O|  |TAMS 0x0000000702000000| PB 0x0000000702000000| Untracked 
|   2|0x0000000702200000, 0x00000007023c1ea0, 0x0000000702400000| 87%| O|  |TAMS 0x0000000702200000| PB 0x0000000702200000| Untracked 
|   3|0x0000000702400000, 0x0000000702600000, 0x0000000702600000|100%| O|  |TAMS 0x0000000702400000| PB 0x0000000702400000| Untracked 
|   4|0x0000000702600000, 0x0000000702800000, 0x0000000702800000|100%| O|  |TAMS 0x0000000702600000| PB 0x0000000702600000| Untracked 
|   5|0x0000000702800000, 0x0000000702a00000, 0x0000000702a00000|100%| O|  |TAMS 0x0000000702800000| PB 0x0000000702800000| Untracked 
|   6|0x0000000702a00000, 0x0000000702b2edb0, 0x0000000702c00000| 59%| O|  |TAMS 0x0000000702a00000| PB 0x0000000702a00000| Untracked 
|   7|0x0000000702c00000, 0x0000000702c00000, 0x0000000702e00000|  0%| F|  |TAMS 0x0000000702c00000| PB 0x0000000702c00000| Untracked 
|   8|0x0000000702e00000, 0x0000000703000000, 0x0000000703000000|100%| O|  |TAMS 0x0000000702e00000| PB 0x0000000702e00000| Untracked 
|   9|0x0000000703000000, 0x0000000703000000, 0x0000000703200000|  0%| F|  |TAMS 0x0000000703000000| PB 0x0000000703000000| Untracked 
|  10|0x0000000703200000, 0x0000000703400000, 0x0000000703400000|100%| O|  |TAMS 0x0000000703200000| PB 0x0000000703200000| Untracked 
|  11|0x0000000703400000, 0x0000000703600000, 0x0000000703600000|100%| O|  |TAMS 0x0000000703400000| PB 0x0000000703400000| Untracked 
|  12|0x0000000703600000, 0x0000000703800000, 0x0000000703800000|100%| O|  |TAMS 0x0000000703600000| PB 0x0000000703600000| Untracked 
|  13|0x0000000703800000, 0x0000000703a00000, 0x0000000703a00000|100%| O|  |TAMS 0x0000000703800000| PB 0x0000000703800000| Untracked 
|  14|0x0000000703a00000, 0x0000000703c00000, 0x0000000703c00000|100%| O|  |TAMS 0x0000000703a00000| PB 0x0000000703a00000| Untracked 
|  15|0x0000000703c00000, 0x0000000703e00000, 0x0000000703e00000|100%| O|  |TAMS 0x0000000703c00000| PB 0x0000000703c00000| Untracked 
|  16|0x0000000703e00000, 0x0000000704000000, 0x0000000704000000|100%| O|  |TAMS 0x0000000703e00000| PB 0x0000000703e00000| Untracked 
|  17|0x0000000704000000, 0x0000000704200000, 0x0000000704200000|100%| O|  |TAMS 0x0000000704000000| PB 0x0000000704000000| Untracked 
|  18|0x0000000704200000, 0x0000000704400000, 0x0000000704400000|100%| O|  |TAMS 0x0000000704200000| PB 0x0000000704200000| Untracked 
|  19|0x0000000704400000, 0x0000000704400000, 0x0000000704600000|  0%| F|  |TAMS 0x0000000704400000| PB 0x0000000704400000| Untracked 
|  20|0x0000000704600000, 0x0000000704800000, 0x0000000704800000|100%| O|  |TAMS 0x0000000704600000| PB 0x0000000704600000| Untracked 
|  21|0x0000000704800000, 0x0000000704a00000, 0x0000000704a00000|100%| O|  |TAMS 0x0000000704800000| PB 0x0000000704800000| Untracked 
|  22|0x0000000704a00000, 0x0000000704c00000, 0x0000000704c00000|100%|HS|  |TAMS 0x0000000704a00000| PB 0x0000000704a00000| Complete 
|  23|0x0000000704c00000, 0x0000000704e00000, 0x0000000704e00000|100%|HC|  |TAMS 0x0000000704c00000| PB 0x0000000704c00000| Complete 
|  24|0x0000000704e00000, 0x0000000705000000, 0x0000000705000000|100%| O|  |TAMS 0x0000000704e00000| PB 0x0000000704e00000| Untracked 
|  25|0x0000000705000000, 0x0000000705200000, 0x0000000705200000|100%| O|  |TAMS 0x0000000705000000| PB 0x0000000705000000| Untracked 
|  26|0x0000000705200000, 0x0000000705400000, 0x0000000705400000|100%| O|  |TAMS 0x0000000705200000| PB 0x0000000705200000| Untracked 
|  27|0x0000000705400000, 0x0000000705600000, 0x0000000705600000|100%| O|  |TAMS 0x0000000705400000| PB 0x0000000705400000| Untracked 
|  28|0x0000000705600000, 0x0000000705600000, 0x0000000705800000|  0%| F|  |TAMS 0x0000000705600000| PB 0x0000000705600000| Untracked 
|  29|0x0000000705800000, 0x0000000705800000, 0x0000000705a00000|  0%| F|  |TAMS 0x0000000705800000| PB 0x0000000705800000| Untracked 
|  30|0x0000000705a00000, 0x0000000705b27320, 0x0000000705c00000| 57%| S|CS|TAMS 0x0000000705a00000| PB 0x0000000705a00000| Complete 
|  31|0x0000000705c00000, 0x0000000705e00000, 0x0000000705e00000|100%| S|CS|TAMS 0x0000000705c00000| PB 0x0000000705c00000| Complete 
|  32|0x0000000705e00000, 0x0000000706000000, 0x0000000706000000|100%| S|CS|TAMS 0x0000000705e00000| PB 0x0000000705e00000| Complete 
|  33|0x0000000706000000, 0x0000000706000000, 0x0000000706200000|  0%| F|  |TAMS 0x0000000706000000| PB 0x0000000706000000| Untracked 
|  34|0x0000000706200000, 0x0000000706200000, 0x0000000706400000|  0%| F|  |TAMS 0x0000000706200000| PB 0x0000000706200000| Untracked 
|  35|0x0000000706400000, 0x0000000706400000, 0x0000000706600000|  0%| F|  |TAMS 0x0000000706400000| PB 0x0000000706400000| Untracked 
|  36|0x0000000706600000, 0x0000000706600000, 0x0000000706800000|  0%| F|  |TAMS 0x0000000706600000| PB 0x0000000706600000| Untracked 
|  37|0x0000000706800000, 0x0000000706800000, 0x0000000706a00000|  0%| F|  |TAMS 0x0000000706800000| PB 0x0000000706800000| Untracked 
|  38|0x0000000706a00000, 0x0000000706a00000, 0x0000000706c00000|  0%| F|  |TAMS 0x0000000706a00000| PB 0x0000000706a00000| Untracked 
|  39|0x0000000706c00000, 0x0000000706c00000, 0x0000000706e00000|  0%| F|  |TAMS 0x0000000706c00000| PB 0x0000000706c00000| Untracked 
|  40|0x0000000706e00000, 0x0000000706e00000, 0x0000000707000000|  0%| F|  |TAMS 0x0000000706e00000| PB 0x0000000706e00000| Untracked 
|  41|0x0000000707000000, 0x0000000707000000, 0x0000000707200000|  0%| F|  |TAMS 0x0000000707000000| PB 0x0000000707000000| Untracked 
|  42|0x0000000707200000, 0x0000000707200000, 0x0000000707400000|  0%| F|  |TAMS 0x0000000707200000| PB 0x0000000707200000| Untracked 
|  43|0x0000000707400000, 0x0000000707400000, 0x0000000707600000|  0%| F|  |TAMS 0x0000000707400000| PB 0x0000000707400000| Untracked 
|  44|0x0000000707600000, 0x0000000707600000, 0x0000000707800000|  0%| F|  |TAMS 0x0000000707600000| PB 0x0000000707600000| Untracked 
|  45|0x0000000707800000, 0x0000000707800000, 0x0000000707a00000|  0%| F|  |TAMS 0x0000000707800000| PB 0x0000000707800000| Untracked 
|  46|0x0000000707a00000, 0x0000000707a00000, 0x0000000707c00000|  0%| F|  |TAMS 0x0000000707a00000| PB 0x0000000707a00000| Untracked 
|  47|0x0000000707c00000, 0x0000000707c00000, 0x0000000707e00000|  0%| F|  |TAMS 0x0000000707c00000| PB 0x0000000707c00000| Untracked 
|  48|0x0000000707e00000, 0x0000000707e00000, 0x0000000708000000|  0%| F|  |TAMS 0x0000000707e00000| PB 0x0000000707e00000| Untracked 
|  49|0x0000000708000000, 0x0000000708000000, 0x0000000708200000|  0%| F|  |TAMS 0x0000000708000000| PB 0x0000000708000000| Untracked 
|  50|0x0000000708200000, 0x0000000708200000, 0x0000000708400000|  0%| F|  |TAMS 0x0000000708200000| PB 0x0000000708200000| Untracked 
|  51|0x0000000708400000, 0x0000000708400000, 0x0000000708600000|  0%| F|  |TAMS 0x0000000708400000| PB 0x0000000708400000| Untracked 
|  52|0x0000000708600000, 0x0000000708600000, 0x0000000708800000|  0%| F|  |TAMS 0x0000000708600000| PB 0x0000000708600000| Untracked 
|  53|0x0000000708800000, 0x000000070890eab8, 0x0000000708a00000| 52%| E|  |TAMS 0x0000000708800000| PB 0x0000000708800000| Complete 
|  54|0x0000000708a00000, 0x0000000708c00000, 0x0000000708c00000|100%| E|CS|TAMS 0x0000000708a00000| PB 0x0000000708a00000| Complete 
|  55|0x0000000708c00000, 0x0000000708e00000, 0x0000000708e00000|100%| E|CS|TAMS 0x0000000708c00000| PB 0x0000000708c00000| Complete 
|  56|0x0000000708e00000, 0x0000000709000000, 0x0000000709000000|100%| E|CS|TAMS 0x0000000708e00000| PB 0x0000000708e00000| Complete 
|  57|0x0000000709000000, 0x0000000709200000, 0x0000000709200000|100%| E|CS|TAMS 0x0000000709000000| PB 0x0000000709000000| Complete 
|  58|0x0000000709200000, 0x0000000709400000, 0x0000000709400000|100%| E|CS|TAMS 0x0000000709200000| PB 0x0000000709200000| Complete 
|  59|0x0000000709400000, 0x0000000709600000, 0x0000000709600000|100%| E|CS|TAMS 0x0000000709400000| PB 0x0000000709400000| Complete 
|  60|0x0000000709600000, 0x0000000709800000, 0x0000000709800000|100%| E|CS|TAMS 0x0000000709600000| PB 0x0000000709600000| Complete 
|  61|0x0000000709800000, 0x0000000709a00000, 0x0000000709a00000|100%| E|CS|TAMS 0x0000000709800000| PB 0x0000000709800000| Complete 
|  62|0x0000000709a00000, 0x0000000709c00000, 0x0000000709c00000|100%| E|CS|TAMS 0x0000000709a00000| PB 0x0000000709a00000| Complete 
|  63|0x0000000709c00000, 0x0000000709e00000, 0x0000000709e00000|100%| E|CS|TAMS 0x0000000709c00000| PB 0x0000000709c00000| Complete 
|  64|0x0000000709e00000, 0x000000070a000000, 0x000000070a000000|100%| E|CS|TAMS 0x0000000709e00000| PB 0x0000000709e00000| Complete 
|  65|0x000000070a000000, 0x000000070a200000, 0x000000070a200000|100%| E|CS|TAMS 0x000000070a000000| PB 0x000000070a000000| Complete 
|  66|0x000000070a200000, 0x000000070a400000, 0x000000070a400000|100%| E|CS|TAMS 0x000000070a200000| PB 0x000000070a200000| Complete 
|  67|0x000000070a400000, 0x000000070a600000, 0x000000070a600000|100%| E|CS|TAMS 0x000000070a400000| PB 0x000000070a400000| Complete 
|  68|0x000000070a600000, 0x000000070a800000, 0x000000070a800000|100%| E|CS|TAMS 0x000000070a600000| PB 0x000000070a600000| Complete 
|  69|0x000000070a800000, 0x000000070aa00000, 0x000000070aa00000|100%| E|CS|TAMS 0x000000070a800000| PB 0x000000070a800000| Complete 
|  70|0x000000070aa00000, 0x000000070ac00000, 0x000000070ac00000|100%| E|CS|TAMS 0x000000070aa00000| PB 0x000000070aa00000| Complete 
|  71|0x000000070ac00000, 0x000000070ae00000, 0x000000070ae00000|100%| E|CS|TAMS 0x000000070ac00000| PB 0x000000070ac00000| Complete 
|  72|0x000000070ae00000, 0x000000070b000000, 0x000000070b000000|100%| E|CS|TAMS 0x000000070ae00000| PB 0x000000070ae00000| Complete 
|  73|0x000000070b000000, 0x000000070b200000, 0x000000070b200000|100%| E|CS|TAMS 0x000000070b000000| PB 0x000000070b000000| Complete 
|  74|0x000000070b200000, 0x000000070b400000, 0x000000070b400000|100%| E|CS|TAMS 0x000000070b200000| PB 0x000000070b200000| Complete 
|  75|0x000000070b400000, 0x000000070b600000, 0x000000070b600000|100%| E|CS|TAMS 0x000000070b400000| PB 0x000000070b400000| Complete 
|  76|0x000000070b600000, 0x000000070b800000, 0x000000070b800000|100%| E|CS|TAMS 0x000000070b600000| PB 0x000000070b600000| Complete 
|  77|0x000000070b800000, 0x000000070ba00000, 0x000000070ba00000|100%| E|CS|TAMS 0x000000070b800000| PB 0x000000070b800000| Complete 
|  78|0x000000070ba00000, 0x000000070bc00000, 0x000000070bc00000|100%| E|CS|TAMS 0x000000070ba00000| PB 0x000000070ba00000| Complete 
|  79|0x000000070bc00000, 0x000000070be00000, 0x000000070be00000|100%| E|CS|TAMS 0x000000070bc00000| PB 0x000000070bc00000| Complete 
|  94|0x000000070da00000, 0x000000070dc00000, 0x000000070dc00000|100%| E|CS|TAMS 0x000000070da00000| PB 0x000000070da00000| Complete 
|  95|0x000000070dc00000, 0x000000070de00000, 0x000000070de00000|100%| E|CS|TAMS 0x000000070dc00000| PB 0x000000070dc00000| Complete 
|  96|0x000000070de00000, 0x000000070e000000, 0x000000070e000000|100%| E|CS|TAMS 0x000000070de00000| PB 0x000000070de00000| Complete 
|  97|0x000000070e000000, 0x000000070e200000, 0x000000070e200000|100%| E|CS|TAMS 0x000000070e000000| PB 0x000000070e000000| Complete 
|  98|0x000000070e200000, 0x000000070e400000, 0x000000070e400000|100%| E|CS|TAMS 0x000000070e200000| PB 0x000000070e200000| Complete 
|  99|0x000000070e400000, 0x000000070e600000, 0x000000070e600000|100%| E|CS|TAMS 0x000000070e400000| PB 0x000000070e400000| Complete 
| 100|0x000000070e600000, 0x000000070e800000, 0x000000070e800000|100%| E|CS|TAMS 0x000000070e600000| PB 0x000000070e600000| Complete 
| 127|0x0000000711c00000, 0x0000000711e00000, 0x0000000711e00000|100%| E|CS|TAMS 0x0000000711c00000| PB 0x0000000711c00000| Complete 
|2028|0x00000007ff600000, 0x00000007ff800000, 0x00000007ff800000|100%| O|  |TAMS 0x00000007ff600000| PB 0x00000007ff600000| Untracked 
|2029|0x00000007ff800000, 0x00000007ffa00000, 0x00000007ffa00000|100%| O|  |TAMS 0x00000007ff800000| PB 0x00000007ff800000| Untracked 
|2030|0x00000007ffa00000, 0x00000007ffc00000, 0x00000007ffc00000|100%| O|  |TAMS 0x00000007ffa00000| PB 0x00000007ffa00000| Untracked 
|2031|0x00000007ffc00000, 0x00000007ffe00000, 0x00000007ffe00000|100%| O|  |TAMS 0x00000007ffc00000| PB 0x00000007ffc00000| Untracked 
|2032|0x00000007ffe00000, 0x0000000800000000, 0x0000000800000000|100%| O|  |TAMS 0x00000007ffe00000| PB 0x00000007ffe00000| Untracked 

Card table byte_map: [0x000002a8335d0000,0x000002a833dd0000] _byte_map_base: 0x000002a82fdc1000

Marking Bits: (CMBitMap*) 0x000002a81b431090
 Bits: [0x000002a833dd0000, 0x000002a837d58000)

Polling page: 0x000002a819340000

Metaspace:

Usage:
  Non-class:     32.57 MB used.
      Class:      3.87 MB used.
       Both:     36.44 MB used.

Virtual space:
  Non-class space:       64.00 MB reserved,      32.81 MB ( 51%) committed,  1 nodes.
      Class space:        1.00 GB reserved,       4.06 MB ( <1%) committed,  1 nodes.
             Both:        1.06 GB reserved,      36.88 MB (  3%) committed. 

Chunk freelists:
   Non-Class:  14.70 MB
       Class:  11.89 MB
        Both:  26.59 MB

MaxMetaspaceSize: unlimited
CompressedClassSpaceSize: 1.00 GB
Initial GC threshold: 21.00 MB
Current GC threshold: 56.81 MB
CDS: on
 - commit_granule_bytes: 65536.
 - commit_granule_words: 8192.
 - virtual_space_node_default_size: 8388608.
 - enlarge_chunks_in_place: 1.
 - use_allocation_guard: 0.


Internal statistics:

num_allocs_failed_limit: 3.
num_arena_births: 378.
num_arena_deaths: 0.
num_vsnodes_births: 2.
num_vsnodes_deaths: 0.
num_space_committed: 590.
num_space_uncommitted: 0.
num_chunks_returned_to_freelist: 3.
num_chunks_taken_from_freelist: 1617.
num_chunk_merges: 3.
num_chunk_splits: 1183.
num_chunks_enlarged: 952.
num_inconsistent_stats: 0.

CodeHeap 'non-profiled nmethods': size=120000Kb used=5833Kb max_used=5833Kb free=114167Kb
 bounds [0x000002a82b570000, 0x000002a82bb30000, 0x000002a832aa0000]
CodeHeap 'profiled nmethods': size=120000Kb used=21989Kb max_used=24147Kb free=98010Kb
 bounds [0x000002a823aa0000, 0x000002a825240000, 0x000002a82afd0000]
CodeHeap 'non-nmethods': size=5760Kb used=1508Kb max_used=1582Kb free=4251Kb
 bounds [0x000002a82afd0000, 0x000002a82b240000, 0x000002a82b570000]
 total_blobs=10580 nmethods=9998 adapters=486
 compilation: enabled
              stopped_count=0, restarted_count=0
 full_count=0

Compilation events (20 events):
Event: 15.778 Thread 0x000002a83a7dae70 12006       3       java.util.Calendar$Builder::build (641 bytes)
Event: 15.781 Thread 0x000002a83a7dae70 nmethod 12006 0x000002a824850310 code [0x000002a8248507e0, 0x000002a824852de8]
Event: 15.781 Thread 0x000002a83a7dae70 12007       3       org.apache.commons.compress.archivers.zip.ExtraFieldUtils$$Lambda/0x000002a83c416e30::get (8 bytes)
Event: 15.781 Thread 0x000002a83a7dae70 nmethod 12007 0x000002a82484fe10 code [0x000002a82484ffc0, 0x000002a8248501e8]
Event: 15.781 Thread 0x000002a83a7dae70 12008       3       org.apache.commons.compress.archivers.zip.X5455_ExtendedTimestamp::<init> (5 bytes)
Event: 15.781 Thread 0x000002a83a7dae70 nmethod 12008 0x000002a824931590 code [0x000002a824931720, 0x000002a824931888]
Event: 15.781 Thread 0x000002a83a7dae70 12013       3       org.apache.commons.compress.archivers.zip.ExtraFieldUtils::createExtraFieldNoDefault (31 bytes)
Event: 15.782 Thread 0x000002a83a7dae70 nmethod 12013 0x000002a824930e10 code [0x000002a824930fe0, 0x000002a824931470]
Event: 15.782 Thread 0x000002a83a7dae70 12014       3       org.apache.commons.compress.archivers.zip.ExtraFieldUtils$1::fill (11 bytes)
Event: 15.782 Thread 0x000002a83a7dae70 nmethod 12014 0x000002a824930990 code [0x000002a824930b40, 0x000002a824930c88]
Event: 15.782 Thread 0x000002a83a7dae70 12009   !   3       org.apache.commons.compress.archivers.zip.ExtraFieldUtils::fillExtraField (76 bytes)
Event: 15.782 Thread 0x000002a83a7dae70 nmethod 12009 0x000002a824ba9290 code [0x000002a824ba9520, 0x000002a824ba9f90]
Event: 15.782 Thread 0x000002a83a7dae70 12010       3       org.apache.commons.compress.archivers.zip.X5455_ExtendedTimestamp::parseFromLocalFileData (174 bytes)
Event: 15.784 Thread 0x000002a83a7dae70 nmethod 12010 0x000002a8243fa910 code [0x000002a8243fac20, 0x000002a8243fbdc8]
Event: 15.784 Thread 0x000002a83a7dae70 12015   !   3       java.util.Calendar::createCalendar (289 bytes)
Event: 15.785 Thread 0x000002a83a7dae70 nmethod 12015 0x000002a824b7ec10 code [0x000002a824b7efc0, 0x000002a824b80610]
Event: 15.785 Thread 0x000002a83a7dae70 12011       3       org.apache.commons.compress.archivers.zip.X5455_ExtendedTimestamp::reset (21 bytes)
Event: 15.786 Thread 0x000002a83a7dae70 nmethod 12011 0x000002a8249d2f90 code [0x000002a8249d3140, 0x000002a8249d3328]
Event: 15.786 Thread 0x000002a83a7dae70 12012       3       org.apache.commons.compress.archivers.zip.X5455_ExtendedTimestamp::getHeaderId (4 bytes)
Event: 15.786 Thread 0x000002a83a7dae70 nmethod 12012 0x000002a8249d2c10 code [0x000002a8249d2da0, 0x000002a8249d2eb8]

GC Heap History (20 events):
Event: 6.807 GC heap before
{Heap before GC invocations=8 (full 0):
 garbage-first heap   total 100352K, used 82695K [0x0000000701e00000, 0x0000000800000000)
  region size 2048K, 19 young (38912K), 3 survivors (6144K)
 Metaspace       used 30173K, committed 30528K, reserved 1114112K
  class space    used 3302K, committed 3456K, reserved 1048576K
}
Event: 6.825 GC heap after
{Heap after GC invocations=9 (full 0):
 garbage-first heap   total 100352K, used 54358K [0x0000000701e00000, 0x0000000800000000)
  region size 2048K, 3 young (6144K), 3 survivors (6144K)
 Metaspace       used 30173K, committed 30528K, reserved 1114112K
  class space    used 3302K, committed 3456K, reserved 1048576K
}
Event: 7.340 GC heap before
{Heap before GC invocations=9 (full 0):
 garbage-first heap   total 100352K, used 83030K [0x0000000701e00000, 0x0000000800000000)
  region size 2048K, 17 young (34816K), 3 survivors (6144K)
 Metaspace       used 30805K, committed 31104K, reserved 1114112K
  class space    used 3323K, committed 3456K, reserved 1048576K
}
Event: 7.351 GC heap after
{Heap after GC invocations=10 (full 0):
 garbage-first heap   total 139264K, used 55531K [0x0000000701e00000, 0x0000000800000000)
  region size 2048K, 1 young (2048K), 1 survivors (2048K)
 Metaspace       used 30805K, committed 31104K, reserved 1114112K
  class space    used 3323K, committed 3456K, reserved 1048576K
}
Event: 8.249 GC heap before
{Heap before GC invocations=11 (full 0):
 garbage-first heap   total 139264K, used 112875K [0x0000000701e00000, 0x0000000800000000)
  region size 2048K, 29 young (59392K), 1 survivors (2048K)
 Metaspace       used 31415K, committed 31744K, reserved 1114112K
  class space    used 3334K, committed 3456K, reserved 1048576K
}
Event: 8.256 GC heap after
{Heap after GC invocations=12 (full 0):
 garbage-first heap   total 139264K, used 57785K [0x0000000701e00000, 0x0000000800000000)
  region size 2048K, 2 young (4096K), 2 survivors (4096K)
 Metaspace       used 31415K, committed 31744K, reserved 1114112K
  class space    used 3334K, committed 3456K, reserved 1048576K
}
Event: 8.940 GC heap before
{Heap before GC invocations=12 (full 0):
 garbage-first heap   total 139264K, used 121273K [0x0000000701e00000, 0x0000000800000000)
  region size 2048K, 31 young (63488K), 2 survivors (4096K)
 Metaspace       used 31618K, committed 31936K, reserved 1114112K
  class space    used 3337K, committed 3456K, reserved 1048576K
}
Event: 8.954 GC heap after
{Heap after GC invocations=13 (full 0):
 garbage-first heap   total 139264K, used 61584K [0x0000000701e00000, 0x0000000800000000)
  region size 2048K, 4 young (8192K), 4 survivors (8192K)
 Metaspace       used 31618K, committed 31936K, reserved 1114112K
  class space    used 3337K, committed 3456K, reserved 1048576K
}
Event: 9.747 GC heap before
{Heap before GC invocations=13 (full 0):
 garbage-first heap   total 139264K, used 118928K [0x0000000701e00000, 0x0000000800000000)
  region size 2048K, 32 young (65536K), 4 survivors (8192K)
 Metaspace       used 34179K, committed 34560K, reserved 1114112K
  class space    used 3660K, committed 3840K, reserved 1048576K
}
Event: 9.756 GC heap after
{Heap after GC invocations=14 (full 0):
 garbage-first heap   total 139264K, used 64799K [0x0000000701e00000, 0x0000000800000000)
  region size 2048K, 3 young (6144K), 3 survivors (6144K)
 Metaspace       used 34179K, committed 34560K, reserved 1114112K
  class space    used 3660K, committed 3840K, reserved 1048576K
}
Event: 10.081 GC heap before
{Heap before GC invocations=14 (full 0):
 garbage-first heap   total 139264K, used 75039K [0x0000000701e00000, 0x0000000800000000)
  region size 2048K, 7 young (14336K), 3 survivors (6144K)
 Metaspace       used 34365K, committed 34752K, reserved 1114112K
  class space    used 3681K, committed 3840K, reserved 1048576K
}
Event: 10.088 GC heap after
{Heap after GC invocations=15 (full 0):
 garbage-first heap   total 139264K, used 69767K [0x0000000701e00000, 0x0000000800000000)
  region size 2048K, 2 young (4096K), 2 survivors (4096K)
 Metaspace       used 34365K, committed 34752K, reserved 1114112K
  class space    used 3681K, committed 3840K, reserved 1048576K
}
Event: 13.424 GC heap before
{Heap before GC invocations=16 (full 0):
 garbage-first heap   total 151552K, used 149639K [0x0000000701e00000, 0x0000000800000000)
  region size 2048K, 21 young (43008K), 2 survivors (4096K)
 Metaspace       used 35746K, committed 36224K, reserved 1114112K
  class space    used 3809K, committed 4032K, reserved 1048576K
}
Event: 13.429 GC heap after
{Heap after GC invocations=17 (full 0):
 garbage-first heap   total 157696K, used 66234K [0x0000000701e00000, 0x0000000800000000)
  region size 2048K, 3 young (6144K), 3 survivors (6144K)
 Metaspace       used 35746K, committed 36224K, reserved 1114112K
  class space    used 3809K, committed 4032K, reserved 1048576K
}
Event: 13.911 GC heap before
{Heap before GC invocations=17 (full 0):
 garbage-first heap   total 157696K, used 135866K [0x0000000701e00000, 0x0000000800000000)
  region size 2048K, 38 young (77824K), 3 survivors (6144K)
 Metaspace       used 37109K, committed 37568K, reserved 1114112K
  class space    used 3939K, committed 4160K, reserved 1048576K
}
Event: 13.923 GC heap after
{Heap after GC invocations=18 (full 0):
 garbage-first heap   total 157696K, used 64275K [0x0000000701e00000, 0x0000000800000000)
  region size 2048K, 5 young (10240K), 5 survivors (10240K)
 Metaspace       used 37109K, committed 37568K, reserved 1114112K
  class space    used 3939K, committed 4160K, reserved 1048576K
}
Event: 14.685 GC heap before
{Heap before GC invocations=18 (full 0):
 garbage-first heap   total 157696K, used 133907K [0x0000000701e00000, 0x0000000800000000)
  region size 2048K, 39 young (79872K), 5 survivors (10240K)
 Metaspace       used 37109K, committed 37568K, reserved 1114112K
  class space    used 3939K, committed 4160K, reserved 1048576K
}
Event: 14.694 GC heap after
{Heap after GC invocations=19 (full 0):
 garbage-first heap   total 157696K, used 65869K [0x0000000701e00000, 0x0000000800000000)
  region size 2048K, 4 young (8192K), 4 survivors (8192K)
 Metaspace       used 37109K, committed 37568K, reserved 1114112K
  class space    used 3939K, committed 4160K, reserved 1048576K
}
Event: 15.245 GC heap before
{Heap before GC invocations=19 (full 0):
 garbage-first heap   total 157696K, used 137549K [0x0000000701e00000, 0x0000000800000000)
  region size 2048K, 39 young (79872K), 4 survivors (8192K)
 Metaspace       used 37115K, committed 37632K, reserved 1114112K
  class space    used 3940K, committed 4160K, reserved 1048576K
}
Event: 15.248 GC heap after
{Heap after GC invocations=20 (full 0):
 garbage-first heap   total 190464K, used 65631K [0x0000000701e00000, 0x0000000800000000)
  region size 2048K, 3 young (6144K), 3 survivors (6144K)
 Metaspace       used 37115K, committed 37632K, reserved 1114112K
  class space    used 3940K, committed 4160K, reserved 1048576K
}

Dll operation events (12 events):
Event: 0.009 Loaded shared library C:\Users\SammyLaptop\.jdks\temurin-21.0.4\bin\java.dll
Event: 0.043 Loaded shared library C:\Users\SammyLaptop\.jdks\temurin-21.0.4\bin\jsvml.dll
Event: 0.092 Loaded shared library C:\Users\SammyLaptop\.jdks\temurin-21.0.4\bin\zip.dll
Event: 0.096 Loaded shared library C:\Users\SammyLaptop\.jdks\temurin-21.0.4\bin\instrument.dll
Event: 0.100 Loaded shared library C:\Users\SammyLaptop\.jdks\temurin-21.0.4\bin\net.dll
Event: 0.101 Loaded shared library C:\Users\SammyLaptop\.jdks\temurin-21.0.4\bin\nio.dll
Event: 0.103 Loaded shared library C:\Users\SammyLaptop\.jdks\temurin-21.0.4\bin\zip.dll
Event: 0.115 Loaded shared library C:\Program Files\JetBrains\IntelliJ IDEA Community Edition 2023.3.6\bin\breakgen64.dll
Event: 0.123 Loaded shared library C:\Users\SammyLaptop\.jdks\temurin-21.0.4\bin\extnet.dll
Event: 0.200 Loaded shared library C:\Users\SammyLaptop\.jdks\temurin-21.0.4\bin\jimage.dll
Event: 0.254 Loaded shared library C:\Users\SammyLaptop\AppData\Local\Temp\jansi-2.4.0-9ee7dcc8607ea62d-jansi.dll
Event: 0.263 Loaded shared library C:\Users\SammyLaptop\.jdks\temurin-21.0.4\bin\verify.dll

Deoptimization events (20 events):
Event: 14.966 Thread 0x000002a8190f5e00 Uncommon trap: trap_request=0xffffff6e fr.pc=0x000002a82bafe7e8 relative=0x0000000000000a28
Event: 14.966 Thread 0x000002a8190f5e00 Uncommon trap: reason=loop_limit_check action=maybe_recompile pc=0x000002a82bafe7e8 method=org.codehaus.plexus.util.SelectorUtils.matchAntPathPattern([Ljava/lang/String;[Ljava/lang/String;Z)Z @ 410 c2
Event: 14.966 Thread 0x000002a8190f5e00 DEOPT PACKING pc=0x000002a82bafe7e8 sp=0x000000dc571fde40
Event: 14.966 Thread 0x000002a8190f5e00 DEOPT UNPACKING pc=0x000002a82b0246a2 sp=0x000000dc571fdda0 mode 2
Event: 15.264 Thread 0x000002a8190f5e00 Uncommon trap: trap_request=0xffffff45 fr.pc=0x000002a82bb097c8 relative=0x00000000000002a8
Event: 15.264 Thread 0x000002a8190f5e00 Uncommon trap: reason=unstable_if action=reinterpret pc=0x000002a82bb097c8 method=org.apache.maven.plugins.shade.DefaultShader.isExcludedEntry(Ljava/lang/String;)Z @ 19 c2
Event: 15.264 Thread 0x000002a8190f5e00 DEOPT PACKING pc=0x000002a82bb097c8 sp=0x000000dc571fdfa0
Event: 15.264 Thread 0x000002a8190f5e00 DEOPT UNPACKING pc=0x000002a82b0246a2 sp=0x000000dc571fdf40 mode 2
Event: 15.293 Thread 0x000002a8190f5e00 Uncommon trap: trap_request=0xffffff45 fr.pc=0x000002a82bb18a1c relative=0x0000000000001d7c
Event: 15.296 Thread 0x000002a8190f5e00 Uncommon trap: reason=unstable_if action=reinterpret pc=0x000002a82bb18a1c method=java.util.zip.ZipOutputStream.putNextEntry(Ljava/util/zip/ZipEntry;)V @ 252 c2
Event: 15.296 Thread 0x000002a8190f5e00 DEOPT PACKING pc=0x000002a82bb18a1c sp=0x000000dc571fdd00
Event: 15.296 Thread 0x000002a8190f5e00 DEOPT UNPACKING pc=0x000002a82b0246a2 sp=0x000000dc571fdd00 mode 2
Event: 15.598 Thread 0x000002a8190f5e00 Uncommon trap: trap_request=0xffffff45 fr.pc=0x000002a82bb0aaa0 relative=0x0000000000000080
Event: 15.598 Thread 0x000002a8190f5e00 Uncommon trap: reason=unstable_if action=reinterpret pc=0x000002a82bb0aaa0 method=org.apache.maven.plugins.shade.DefaultShader.getTime(Ljava/util/zip/ZipEntry;)J @ 4 c2
Event: 15.598 Thread 0x000002a8190f5e00 DEOPT PACKING pc=0x000002a82bb0aaa0 sp=0x000000dc571fdf50
Event: 15.598 Thread 0x000002a8190f5e00 DEOPT UNPACKING pc=0x000002a82b0246a2 sp=0x000000dc571fdec0 mode 2
Event: 15.614 Thread 0x000002a8190f5e00 Uncommon trap: trap_request=0xffffff45 fr.pc=0x000002a82baf4018 relative=0x0000000000000d58
Event: 15.614 Thread 0x000002a8190f5e00 Uncommon trap: reason=unstable_if action=reinterpret pc=0x000002a82baf4018 method=java.util.zip.ZipEntry.getTime()J @ 4 c2
Event: 15.614 Thread 0x000002a8190f5e00 DEOPT PACKING pc=0x000002a82baf4018 sp=0x000000dc571fde30
Event: 15.614 Thread 0x000002a8190f5e00 DEOPT UNPACKING pc=0x000002a82b0246a2 sp=0x000000dc571fde50 mode 2

Classes loaded (20 events):
Event: 13.621 Loading class java/security/Timestamp
Event: 13.621 Loading class java/security/Timestamp done
Event: 13.632 Loading class java/security/CodeSigner
Event: 13.632 Loading class java/security/CodeSigner done
Event: 13.632 Loading class sun/security/util/JarConstraintsParameters
Event: 13.632 Loading class sun/security/util/ConstraintsParameters
Event: 13.632 Loading class sun/security/util/ConstraintsParameters done
Event: 13.632 Loading class sun/security/util/JarConstraintsParameters done
Event: 13.633 Loading class java/security/cert/CertPathValidatorException
Event: 13.633 Loading class java/security/cert/CertPathValidatorException done
Event: 13.633 Loading class java/time/Instant$1
Event: 13.633 Loading class java/time/Instant$1 done
Event: 13.633 Loading class java/security/cert/CertPathValidatorException$BasicReason
Event: 13.633 Loading class java/security/cert/CertPathValidatorException$Reason
Event: 13.633 Loading class java/security/cert/CertPathValidatorException$Reason done
Event: 13.633 Loading class java/security/cert/CertPathValidatorException$BasicReason done
Event: 13.633 Loading class java/security/SignatureException
Event: 13.634 Loading class java/security/SignatureException done
Event: 13.634 Loading class java/security/cert/CertificateException
Event: 13.634 Loading class java/security/cert/CertificateException done

Classes unloaded (0 events):
No events

Classes redefined (0 events):
No events

Internal exceptions (20 events):
Event: 8.997 Thread 0x000002a8190f5e00 Exception <a 'sun/nio/fs/WindowsException'{0x000000070e5f1be8}> (0x000000070e5f1be8) 
thrown [s\src\hotspot\share\prims\jni.cpp, line 520]
Event: 9.000 Thread 0x000002a8190f5e00 Exception <a 'sun/nio/fs/WindowsException'{0x000000070e220218}> (0x000000070e220218) 
thrown [s\src\hotspot\share\prims\jni.cpp, line 520]
Event: 9.003 Thread 0x000002a8190f5e00 Exception <a 'sun/nio/fs/WindowsException'{0x000000070e2606a0}> (0x000000070e2606a0) 
thrown [s\src\hotspot\share\prims\jni.cpp, line 520]
Event: 9.004 Thread 0x000002a8190f5e00 Exception <a 'sun/nio/fs/WindowsException'{0x000000070e2629b8}> (0x000000070e2629b8) 
thrown [s\src\hotspot\share\prims\jni.cpp, line 520]
Event: 9.004 Thread 0x000002a8190f5e00 Exception <a 'sun/nio/fs/WindowsException'{0x000000070e265e20}> (0x000000070e265e20) 
thrown [s\src\hotspot\share\prims\jni.cpp, line 520]
Event: 9.004 Thread 0x000002a8190f5e00 Exception <a 'sun/nio/fs/WindowsException'{0x000000070e266dc8}> (0x000000070e266dc8) 
thrown [s\src\hotspot\share\prims\jni.cpp, line 520]
Event: 9.010 Thread 0x000002a8190f5e00 Exception <a 'sun/nio/fs/WindowsException'{0x000000070e2f1030}> (0x000000070e2f1030) 
thrown [s\src\hotspot\share\prims\jni.cpp, line 520]
Event: 9.012 Thread 0x000002a8190f5e00 Exception <a 'sun/nio/fs/WindowsException'{0x000000070e309c30}> (0x000000070e309c30) 
thrown [s\src\hotspot\share\prims\jni.cpp, line 520]
Event: 9.358 Thread 0x000002a802679920 Exception <a 'java/lang/NoSuchMethodError'{0x0000000707835178}: 'java.lang.Object java.lang.invoke.DirectMethodHandle$Holder.invokeStatic(java.lang.Object, long, java.lang.Object)'> (0x0000000707835178) 
thrown [s\src\hotspot\share\interpreter\linkResolver.cpp, line 773]
Event: 9.359 Thread 0x000002a802679920 Exception <a 'java/lang/NoSuchMethodError'{0x0000000707838650}: 'java.lang.Object java.lang.invoke.DirectMethodHandle$Holder.invokeStaticInit(java.lang.Object, long, java.lang.Object)'> (0x0000000707838650) 
thrown [s\src\hotspot\share\interpreter\linkResolver.cpp, line 773]
Event: 9.360 Thread 0x000002a802679920 Exception <a 'java/lang/NoSuchMethodError'{0x000000070783da78}: 'java.lang.Object java.lang.invoke.DirectMethodHandle$Holder.newInvokeSpecial(java.lang.Object, long)'> (0x000000070783da78) 
thrown [s\src\hotspot\share\interpreter\linkResolver.cpp, line 773]
Event: 9.362 Thread 0x000002a802679920 Exception <a 'java/lang/NoSuchMethodError'{0x0000000707842240}: 'long java.lang.invoke.DirectMethodHandle$Holder.invokeInterface(java.lang.Object, java.lang.Object)'> (0x0000000707842240) 
thrown [s\src\hotspot\share\interpreter\linkResolver.cpp, line 773]
Event: 9.362 Thread 0x000002a802679920 Exception <a 'java/lang/NoSuchMethodError'{0x00000007078456f8}: 'long java.lang.invoke.DelegatingMethodHandle$Holder.reinvoke_L(java.lang.Object, java.lang.Object)'> (0x00000007078456f8) 
thrown [s\src\hotspot\share\interpreter\linkResolver.cpp, line 773]
Event: 10.080 Thread 0x000002a8190f5e00 Exception <a 'java/lang/NoSuchMethodError'{0x000000070e5ee1e8}: 'void java.lang.invoke.DirectMethodHandle$Holder.invokeStaticInit(java.lang.Object, java.lang.Object)'> (0x000000070e5ee1e8) 
thrown [s\src\hotspot\share\interpreter\linkResolver.cpp, line 773]
Event: 10.103 Thread 0x000002a83ac2b4e0 Implicit null exception at 0x000002a82b74c528 to 0x000002a82b74c600
Event: 10.103 Thread 0x000002a8027fdce0 Implicit null exception at 0x000002a82b7c5120 to 0x000002a82b7c51f4
Event: 11.159 Thread 0x000002a83ac2b4e0 Implicit null exception at 0x000002a82ba90900 to 0x000002a82ba90f0c
Event: 11.159 Thread 0x000002a83ac2b4e0 Implicit null exception at 0x000002a82ba8ec83 to 0x000002a82ba8eeb4
Event: 11.166 Thread 0x000002a83ac2b4e0 Exception <a 'java/lang/NoSuchMethodError'{0x000000070e56a508}: 'java.lang.Object java.lang.invoke.DirectMethodHandle$Holder.invokeStaticInit(java.lang.Object, java.lang.Object, int, int, int, int)'> (0x000000070e56a508) 
thrown [s\src\hotspot\share\interpreter\linkResolver.cpp, line 773]
Event: 13.563 Thread 0x000002a8190f5e00 Exception <a 'java/lang/NoSuchMethodError'{0x0000000709586318}: 'int java.lang.invoke.DirectMethodHandle$Holder.invokeStatic(java.lang.Object, int, java.lang.Object)'> (0x0000000709586318) 
thrown [s\src\hotspot\share\interpreter\linkResolver.cpp, line 773]

ZGC Phase Switch (0 events):
No events

VM Operations (20 events):
Event: 11.277 Executing VM operation: Cleanup
Event: 11.277 Executing VM operation: Cleanup done
Event: 12.282 Executing VM operation: Cleanup
Event: 12.282 Executing VM operation: Cleanup done
Event: 13.284 Executing VM operation: Cleanup
Event: 13.284 Executing VM operation: Cleanup done
Event: 13.424 Executing VM operation: G1CollectForAllocation (G1 Evacuation Pause)
Event: 13.429 Executing VM operation: G1CollectForAllocation (G1 Evacuation Pause) done
Event: 13.560 Executing VM operation: HandshakeAllThreads (Deoptimize)
Event: 13.560 Executing VM operation: HandshakeAllThreads (Deoptimize) done
Event: 13.564 Executing VM operation: HandshakeAllThreads (Deoptimize)
Event: 13.565 Executing VM operation: HandshakeAllThreads (Deoptimize) done
Event: 13.569 Executing VM operation: HandshakeAllThreads (Deoptimize)
Event: 13.569 Executing VM operation: HandshakeAllThreads (Deoptimize) done
Event: 13.911 Executing VM operation: G1CollectForAllocation (G1 Evacuation Pause)
Event: 13.923 Executing VM operation: G1CollectForAllocation (G1 Evacuation Pause) done
Event: 14.685 Executing VM operation: G1CollectForAllocation (G1 Evacuation Pause)
Event: 14.694 Executing VM operation: G1CollectForAllocation (G1 Evacuation Pause) done
Event: 15.245 Executing VM operation: G1CollectForAllocation (G1 Evacuation Pause)
Event: 15.248 Executing VM operation: G1CollectForAllocation (G1 Evacuation Pause) done

Memory protections (0 events):
No events

Nmethod flushes (20 events):
Event: 10.172 Thread 0x000002a83a784ff0 flushing  nmethod 0x000002a824ce0a10
Event: 10.172 Thread 0x000002a83a784ff0 flushing  nmethod 0x000002a824ce2610
Event: 10.172 Thread 0x000002a83a784ff0 flushing  nmethod 0x000002a824ce2f10
Event: 10.172 Thread 0x000002a83a784ff0 flushing  nmethod 0x000002a824ce5c90
Event: 10.172 Thread 0x000002a83a784ff0 flushing  nmethod 0x000002a824ce7310
Event: 10.172 Thread 0x000002a83a784ff0 flushing  nmethod 0x000002a824ce7790
Event: 10.172 Thread 0x000002a83a784ff0 flushing  nmethod 0x000002a824d01490
Event: 10.172 Thread 0x000002a83a784ff0 flushing  nmethod 0x000002a824d01c90
Event: 10.172 Thread 0x000002a83a784ff0 flushing  nmethod 0x000002a824d09390
Event: 10.172 Thread 0x000002a83a784ff0 flushing  nmethod 0x000002a824d09810
Event: 10.172 Thread 0x000002a83a784ff0 flushing  nmethod 0x000002a824d16490
Event: 10.172 Thread 0x000002a83a784ff0 flushing  nmethod 0x000002a824d18710
Event: 10.172 Thread 0x000002a83a784ff0 flushing  nmethod 0x000002a824d19790
Event: 10.172 Thread 0x000002a83a784ff0 flushing  nmethod 0x000002a824d1a790
Event: 10.172 Thread 0x000002a83a784ff0 flushing  nmethod 0x000002a824d1b810
Event: 10.172 Thread 0x000002a83a784ff0 flushing  nmethod 0x000002a824d26a10
Event: 10.172 Thread 0x000002a83a784ff0 flushing  nmethod 0x000002a824d27010
Event: 10.172 Thread 0x000002a83a784ff0 flushing  nmethod 0x000002a824d50210
Event: 10.172 Thread 0x000002a83a784ff0 flushing  nmethod 0x000002a824d54c90
Event: 10.172 Thread 0x000002a83a784ff0 flushing  nmethod 0x000002a824d9e610

Events (20 events):
Event: 10.103 Thread 0x000002a8190f5e00 Thread added: 0x000002a801bf0ea0
Event: 10.104 Thread 0x000002a8190f5e00 Thread added: 0x000002a801bf1530
Event: 10.104 Thread 0x000002a8190f5e00 Thread added: 0x000002a801bf3c90
Event: 10.104 Thread 0x000002a8190f5e00 Thread added: 0x000002a801bf1bc0
Event: 10.115 Thread 0x000002a83a7dae70 Thread added: 0x000002a802a21610
Event: 11.152 Thread 0x000002a802a21610 Thread exited: 0x000002a802a21610
Event: 11.387 Thread 0x000002a801bf0ea0 Thread exited: 0x000002a801bf0ea0
Event: 11.387 Thread 0x000002a8027fdce0 Thread exited: 0x000002a8027fdce0
Event: 11.387 Thread 0x000002a8035a8830 Thread exited: 0x000002a8035a8830
Event: 11.387 Thread 0x000002a83ac2b4e0 Thread exited: 0x000002a83ac2b4e0
Event: 11.387 Thread 0x000002a801bf1530 Thread exited: 0x000002a801bf1530
Event: 11.387 Thread 0x000002a801bf1bc0 Thread exited: 0x000002a801bf1bc0
Event: 11.387 Thread 0x000002a801bf3c90 Thread exited: 0x000002a801bf3c90
Event: 11.387 Thread 0x000002a801bf2250 Thread exited: 0x000002a801bf2250
Event: 11.469 Thread 0x000002a83a7dae70 Thread added: 0x000002a801ce8f00
Event: 12.432 Thread 0x000002a801ce8f00 Thread exited: 0x000002a801ce8f00
Event: 13.555 Thread 0x000002a83a7dae70 Thread added: 0x000002a802a1eef0
Event: 14.250 Thread 0x000002a802a1eef0 Thread exited: 0x000002a802a1eef0
Event: 15.300 Thread 0x000002a83a7dae70 Thread added: 0x000002a802a1eef0
Event: 15.605 Thread 0x000002a802a1eef0 Thread exited: 0x000002a802a1eef0


Dynamic libraries:
0x00007ff626620000 - 0x00007ff62662e000 	C:\Users\SammyLaptop\.jdks\temurin-21.0.4\bin\java.exe
0x00007ffd98890000 - 0x00007ffd98a88000 	C:\Windows\SYSTEM32\ntdll.dll
0x00007ffd985b0000 - 0x00007ffd98671000 	C:\Windows\System32\KERNEL32.DLL
0x00007ffd96270000 - 0x00007ffd9656d000 	C:\Windows\System32\KERNELBASE.dll
0x00007ffd96170000 - 0x00007ffd96270000 	C:\Windows\System32\ucrtbase.dll
0x00007ffd6f8b0000 - 0x00007ffd6f8c8000 	C:\Users\SammyLaptop\.jdks\temurin-21.0.4\bin\jli.dll
0x00007ffd6f810000 - 0x00007ffd6f82b000 	C:\Users\SammyLaptop\.jdks\temurin-21.0.4\bin\VCRUNTIME140.dll
0x00007ffd979c0000 - 0x00007ffd97b5d000 	C:\Windows\System32\USER32.dll
0x00007ffd77d50000 - 0x00007ffd77fea000 	C:\Windows\WinSxS\amd64_microsoft.windows.common-controls_6595b64144ccf1df_6.0.19041.4355_none_60b8b9eb71f62e16\COMCTL32.dll
0x00007ffd96060000 - 0x00007ffd96082000 	C:\Windows\System32\win32u.dll
0x00007ffd987b0000 - 0x00007ffd9884e000 	C:\Windows\System32\msvcrt.dll
0x00007ffd984d0000 - 0x00007ffd984fb000 	C:\Windows\System32\GDI32.dll
0x00007ffd95f40000 - 0x00007ffd96057000 	C:\Windows\System32\gdi32full.dll
0x00007ffd96760000 - 0x00007ffd967fd000 	C:\Windows\System32\msvcp_win.dll
0x00007ffd97150000 - 0x00007ffd9717f000 	C:\Windows\System32\IMM32.DLL
0x00007ffd6ff30000 - 0x00007ffd6ff3c000 	C:\Users\SammyLaptop\.jdks\temurin-21.0.4\bin\vcruntime140_1.dll
0x00007ffd54fa0000 - 0x00007ffd5502e000 	C:\Users\SammyLaptop\.jdks\temurin-21.0.4\bin\msvcp140.dll
0x00007ffd51350000 - 0x00007ffd520d8000 	C:\Users\SammyLaptop\.jdks\temurin-21.0.4\bin\server\jvm.dll
0x00007ffd977f0000 - 0x00007ffd978a0000 	C:\Windows\System32\ADVAPI32.dll
0x00007ffd968e0000 - 0x00007ffd96980000 	C:\Windows\System32\sechost.dll
0x00007ffd96b30000 - 0x00007ffd96c53000 	C:\Windows\System32\RPCRT4.dll
0x00007ffd96140000 - 0x00007ffd96167000 	C:\Windows\System32\bcrypt.dll
0x00007ffd98400000 - 0x00007ffd9846b000 	C:\Windows\System32\WS2_32.dll
0x00007ffd95d90000 - 0x00007ffd95ddb000 	C:\Windows\SYSTEM32\POWRPROF.dll
0x00007ffd865d0000 - 0x00007ffd865f7000 	C:\Windows\SYSTEM32\WINMM.dll
0x00007ffd8ec90000 - 0x00007ffd8ec9a000 	C:\Windows\SYSTEM32\VERSION.dll
0x00007ffd95d70000 - 0x00007ffd95d82000 	C:\Windows\SYSTEM32\UMPDC.dll
0x00007ffd94710000 - 0x00007ffd94722000 	C:\Windows\SYSTEM32\kernel.appcore.dll
0x00007ffd6fdb0000 - 0x00007ffd6fdba000 	C:\Users\SammyLaptop\.jdks\temurin-21.0.4\bin\jimage.dll
0x00007ffd93af0000 - 0x00007ffd93cd4000 	C:\Windows\SYSTEM32\DBGHELP.DLL
0x00007ffd8c4a0000 - 0x00007ffd8c4d4000 	C:\Windows\SYSTEM32\dbgcore.DLL
0x00007ffd96570000 - 0x00007ffd965f2000 	C:\Windows\System32\bcryptPrimitives.dll
0x00007ffd8c880000 - 0x00007ffd8c88f000 	C:\Users\SammyLaptop\.jdks\temurin-21.0.4\bin\instrument.dll
0x00007ffd69a10000 - 0x00007ffd69a2f000 	C:\Users\SammyLaptop\.jdks\temurin-21.0.4\bin\java.dll
0x00007ffd97b60000 - 0x00007ffd982cf000 	C:\Windows\System32\SHELL32.dll
0x00007ffd93f60000 - 0x00007ffd946ff000 	C:\Windows\SYSTEM32\windows.storage.dll
0x00007ffd96c60000 - 0x00007ffd96fb3000 	C:\Windows\System32\combase.dll
0x00007ffd95890000 - 0x00007ffd958be000 	C:\Windows\SYSTEM32\Wldp.dll
0x00007ffd986e0000 - 0x00007ffd987ad000 	C:\Windows\System32\OLEAUT32.dll
0x00007ffd98500000 - 0x00007ffd985ad000 	C:\Windows\System32\SHCORE.dll
0x00007ffd98680000 - 0x00007ffd986d5000 	C:\Windows\System32\shlwapi.dll
0x00007ffd95e70000 - 0x00007ffd95e94000 	C:\Windows\SYSTEM32\profapi.dll
0x00007ffd54220000 - 0x00007ffd542f7000 	C:\Users\SammyLaptop\.jdks\temurin-21.0.4\bin\jsvml.dll
0x00007ffd69600000 - 0x00007ffd69618000 	C:\Users\SammyLaptop\.jdks\temurin-21.0.4\bin\zip.dll
0x00007ffd6fb20000 - 0x00007ffd6fb30000 	C:\Users\SammyLaptop\.jdks\temurin-21.0.4\bin\net.dll
0x00007ffd8d8c0000 - 0x00007ffd8d9cd000 	C:\Windows\SYSTEM32\WINHTTP.dll
0x00007ffd955d0000 - 0x00007ffd9563a000 	C:\Windows\system32\mswsock.dll
0x00007ffd69650000 - 0x00007ffd69666000 	C:\Users\SammyLaptop\.jdks\temurin-21.0.4\bin\nio.dll
0x00007ffd70e40000 - 0x00007ffd70e5a000 	C:\Program Files\JetBrains\IntelliJ IDEA Community Edition 2023.3.6\bin\breakgen64.dll
0x00007ffd6eed0000 - 0x00007ffd6eed9000 	C:\Users\SammyLaptop\.jdks\temurin-21.0.4\bin\extnet.dll
0x0000000069ac0000 - 0x0000000069ae4000 	C:\Users\SammyLaptop\AppData\Local\Temp\jansi-2.4.0-9ee7dcc8607ea62d-jansi.dll
0x00007ffd6c280000 - 0x00007ffd6c290000 	C:\Users\SammyLaptop\.jdks\temurin-21.0.4\bin\verify.dll
0x00007ffd957e0000 - 0x00007ffd957f8000 	C:\Windows\SYSTEM32\CRYPTSP.dll
0x00007ffd94ed0000 - 0x00007ffd94f04000 	C:\Windows\system32\rsaenh.dll
0x00007ffd95de0000 - 0x00007ffd95e0e000 	C:\Windows\SYSTEM32\USERENV.dll
0x00007ffd95800000 - 0x00007ffd9580c000 	C:\Windows\SYSTEM32\CRYPTBASE.dll
0x00007ffd952a0000 - 0x00007ffd952db000 	C:\Windows\SYSTEM32\IPHLPAPI.DLL
0x00007ffd968d0000 - 0x00007ffd968d8000 	C:\Windows\System32\NSI.dll

dbghelp: loaded successfully - version: 4.0.5 - missing functions: none
symbol engine: initialized successfully - sym options: 0x614 - pdb path: .;C:\Users\SammyLaptop\.jdks\temurin-21.0.4\bin;C:\Windows\SYSTEM32;C:\Windows\WinSxS\amd64_microsoft.windows.common-controls_6595b64144ccf1df_6.0.19041.4355_none_60b8b9eb71f62e16;C:\Users\SammyLaptop\.jdks\temurin-21.0.4\bin\server;C:\Program Files\JetBrains\IntelliJ IDEA Community Edition 2023.3.6\bin;C:\Users\SammyLaptop\AppData\Local\Temp

VM Arguments:
jvm_args: -Dmaven.multiModuleProjectDirectory=C:\Users\SammyLaptop\Documents\Git\OSRS-Scripts -Djansi.passthrough=true --add-exports=java.base/sun.nio.ch=ALL-UNNAMED --add-opens=java.base/java.lang=ALL-UNNAMED --add-opens=java.base/java.lang.reflect=ALL-UNNAMED --add-opens=java.base/java.io=ALL-UNNAMED --add-exports=jdk.unsupported/sun.misc=ALL-UNNAMED --add-exports=jdk.compiler/com.sun.tools.javac.api=ALL-UNNAMED --add-exports=jdk.compiler/com.sun.tools.javac.file=ALL-UNNAMED --add-exports=jdk.compiler/com.sun.tools.javac.parser=ALL-UNNAMED --add-exports=jdk.compiler/com.sun.tools.javac.tree=ALL-UNNAMED --add-exports=jdk.compiler/com.sun.tools.javac.util=ALL-UNNAMED -Dmaven.home=C:\Program Files\JetBrains\IntelliJ IDEA Community Edition 2023.3.6\plugins\maven\lib\maven3 -Dclassworlds.conf=C:\Program Files\JetBrains\IntelliJ IDEA Community Edition 2023.3.6\plugins\maven\lib\maven3\bin\m2.conf -Dmaven.ext.class.path=C:\Program Files\JetBrains\IntelliJ IDEA Community Edition 2023.3.6\plugins\maven\lib\maven-event-listener.jar -javaagent:C:\Program Files\JetBrains\IntelliJ IDEA Community Edition 2023.3.6\lib\idea_rt.jar=50863:C:\Program Files\JetBrains\IntelliJ IDEA Community Edition 2023.3.6\bin -Dfile.encoding=UTF-8 -Dsun.stdout.encoding=UTF-8 -Dsun.stderr.encoding=UTF-8 
java_command: org.codehaus.classworlds.Launcher -Didea.version=2023.3.6 --errors package
java_class_path (initial): C:\Program Files\JetBrains\IntelliJ IDEA Community Edition 2023.3.6\plugins\maven\lib\maven3\boot\plexus-classworlds-2.7.0.jar;C:\Program Files\JetBrains\IntelliJ IDEA Community Edition 2023.3.6\plugins\maven\lib\maven3\boot\plexus-classworlds.license
Launcher Type: SUN_STANDARD

[Global flags]
     intx CICompilerCount                          = 4                                         {product} {ergonomic}
     uint ConcGCThreads                            = 2                                         {product} {ergonomic}
     uint G1ConcRefinementThreads                  = 8                                         {product} {ergonomic}
   size_t G1HeapRegionSize                         = 2097152                                   {product} {ergonomic}
    uintx GCDrainStackTargetSize                   = 64                                        {product} {ergonomic}
   size_t InitialHeapSize                          = 268435456                                 {product} {ergonomic}
   size_t MarkStackSize                            = 4194304                                   {product} {ergonomic}
   size_t MaxHeapSize                              = 4263510016                                {product} {ergonomic}
   size_t MaxNewSize                               = 2556428288                                {product} {ergonomic}
   size_t MinHeapDeltaBytes                        = 2097152                                   {product} {ergonomic}
   size_t MinHeapSize                              = 8388608                                   {product} {ergonomic}
    uintx NonNMethodCodeHeapSize                   = 5839372                                {pd product} {ergonomic}
    uintx NonProfiledCodeHeapSize                  = 122909434                              {pd product} {ergonomic}
    uintx ProfiledCodeHeapSize                     = 122909434                              {pd product} {ergonomic}
    uintx ReservedCodeCacheSize                    = 251658240                              {pd product} {ergonomic}
     bool SegmentedCodeCache                       = true                                      {product} {ergonomic}
   size_t SoftMaxHeapSize                          = 4263510016                             {manageable} {ergonomic}
     bool UseCompressedOops                        = true                           {product lp64_product} {ergonomic}
     bool UseG1GC                                  = true                                      {product} {ergonomic}
     bool UseLargePagesIndividualAllocation        = false                                  {pd product} {ergonomic}

Logging:
Log output configuration:
 #0: stdout all=warning uptime,level,tags foldmultilines=false
 #1: stderr all=off uptime,level,tags foldmultilines=false

Environment Variables:
JAVA_HOME=C:\Users\SammyLaptop\.jdks\temurin-21.0.4
PATH=C:\Program Files\Zulu\zulu-21\bin\;C:\Program Files\Python312\Scripts\;C:\Program Files\Python312\;C:\Program Files\Eclipse Adoptium\jdk-21.0.2.13-hotspot\bin;C:\Program Files\Amazon Corretto\jdk21.0.2_13\bin;C:\Program Files\Eclipse Adoptium\jre-21.0.2.13-hotspot\bin;C:\Windows\system32;C:\Windows;C:\Windows\System32\Wbem;C:\Windows\System32\WindowsPowerShell\v1.0\;C:\Windows\System32\OpenSSH\;C:\Program Files\Microsoft VS Code\bin;C:\Program Files\dotnet\;C:\Program Files\Git\cmd;C:\Program Files\apache-maven-3.9.6\bin;;C:\Program Files (x86)\NVIDIA Corporation\PhysX\Common;C:\Program Files (x86)\Gpg4win\..\GnuPG\bin;C:\Program Files\PuTTY\;C:\Program Files\Microsoft Network Monitor 3\;C:\Users\SammyLaptop\AppData\Local\Microsoft\WindowsApps;C:\Program Files\JetBrains\IntelliJ IDEA Community Edition 2023.3.6\bin;;C:\Users\SammyLaptop\AppData\Roaming\Python\Python312\Scripts;C:\Users\SammyLaptop\Roaming\Python\Python312\site-packages;C:\Program Files\JetBrains\JetBrains Rider 242.18071.30\bin;;C:\Program Files (x86)\GnuPG\bin;C:\Users\SammyLaptop\AppData\Local\Programs\Microsoft VS Code\bin;C:\Users\SammyLaptop\.dotnet\tools
USERNAME=SammyLaptop
OS=Windows_NT
PROCESSOR_IDENTIFIER=Intel64 Family 6 Model 158 Stepping 10, GenuineIntel
TMP=C:\Users\SAMMYL~1\AppData\Local\Temp
TEMP=C:\Users\SAMMYL~1\AppData\Local\Temp




Periodic native trim disabled

---------------  S Y S T E M  ---------------

OS:
 Windows 10 , 64 bit Build 19041 (10.0.19041.4717)
OS uptime: 9 days 1:46 hours
Hyper-V role detected

CPU: total 8 (initial active 8) (4 cores per cpu, 2 threads per core) family 6 model 158 stepping 10 microcode 0xb4, cx8, cmov, fxsr, ht, mmx, 3dnowpref, sse, sse2, sse3, ssse3, sse4.1, sse4.2, popcnt, lzcnt, tsc, tscinvbit, avx, avx2, aes, erms, clmul, bmi1, bmi2, adx, fma, vzeroupper, clflush, clflushopt, hv, rdtscp, f16c
Processor Information for all 8 processors :
  Max Mhz: 2304, Current Mhz: 2304, Mhz Limit: 2304

Memory: 4k page, system-wide physical 16258M (346M free)
TotalPageFile size 65410M (AvailPageFile size 4M)
current process WorkingSet (physical memory assigned to process): 351M, peak: 351M
current process commit charge ("private bytes"): 384M, peak: 417M

vm_info: OpenJDK 64-Bit Server VM (21.0.4+7-LTS) for windows-amd64 JRE (21.0.4+7-LTS), built on 2024-07-16T00:00:00Z by "admin" with MS VC++ 17.7 (VS2022)

END.
